<?xml version="1.0" encoding="UTF-8"?>
<!-- Generated by org.testng.reporters.JUnitXMLReporter -->
<testsuite ignored="0" hostname="DESKTOP-OH1HFTM" failures="1" tests="8" name="RestAssuredAutomation" time="11.226" errors="0" timestamp="2024-12-12T17:49:26 IST">
  <testcase classname="Tests.demo.HTTPReqResponse" name="getUser" time="7.373"/>
  <testcase classname="Tests.demo.HTTPReqResponse" name="createUsers" time="1.466"/>
  <testcase classname="Tests.demo.HTTPReqResponse" name="updateUser" time="0.555">
    <failure type="java.lang.NullPointerException" message="Cannot invoke &amp;quot;java.lang.Integer.intValue()&amp;quot; because the return value of &amp;quot;io.restassured.internal.common.path.ObjectConverter.convertObjectTo(Object, java.lang.Class)&amp;quot; is null">
      <![CDATA[java.lang.NullPointerException: Cannot invoke "java.lang.Integer.intValue()" because the return value of "io.restassured.internal.common.path.ObjectConverter.convertObjectTo(Object, java.lang.Class)" is null
at io.restassured.path.json.JsonPath.getInt(JsonPath.java:245)
at Tests.demo.HTTPReqResponse.updateUser(HTTPReqResponse.java:77)
at java.base/java.util.ArrayList.forEach(ArrayList.java:1597)
at com.intellij.rt.testng.IDEARemoteTestNG.run(IDEARemoteTestNG.java:65)
at com.intellij.rt.testng.RemoteTestNGStarter.main(RemoteTestNGStarter.java:105)
... Removed 22 stack frames]]>
    </failure>
  </testcase> <!-- updateUser -->
  <testcase classname="Tests.demo.HTTPReqResponse" name="deleteUser" time="0.437"/>
  <testcase classname="Tests.demo.TestExample" name="test_1" time="0.157"/>
  <testcase classname="Tests.demo.TestExample" name="test_2" time="0.172"/>
  <testcase classname="Tests.demo.TestExample" name="test_3" time="0.141"/>
  <testcase classname="Tests.demo.CreateUserRequest" name="createUser" time="0.424"/>
</testsuite> <!-- RestAssuredAutomation -->
